 Neutral Potential Founded T
 Charged Potential Founded T
 mode of (Neutral) :read                
 mode of (Charge) :read                
 ============================================================
                       NEUTRAL INFO
 ============================================================
  The Neutral Lattice Vector is in Ang
  10.35406        0.00000        0.00000
   0.00000       10.35406        0.00000
   0.00000        0.00000       10.35406
 the number of spins (nspin_sub) :           2
 the nubmer of mesh point (mesh_sub):         160         160         160
 the number of sub mesh point (nsm) :           1
 the number of maximum mesh point (maxp) :     4096000
 The Volume is  :   7490.8207359569187       A^3
 ============================================================
                       CHARGE INFO
 ============================================================
  The Charge Lattice Vector is in Ang
  10.35406        0.00000        0.00000
   0.00000       10.35406        0.00000
   0.00000        0.00000       10.35406
 the number of spins (nspin_sub) :           2
 the nubmer of mesh point (mesh_sub):         160         160         160
 the number of sub mesh point (nsm) :           1
 the number of maximum mesh point (maxp) :     4096000
 The Volume is  :   7490.8207359569187       A^3
 ============================================================
                       NEUTRAL FFT                           
 ============================================================
 Neutral: REAL MESH of 
 FT
 ============================================================
                       Charged FFT                           
 ============================================================
 Charge: REAL MESH of 
 FT
 ============================================================
 ============================================================
 Calculating V^{lr}
 ============================================================
     4096000           2
 ============================================================
 Calculating FFT of V^{lr}                                   
 ============================================================
 ============================================================
 Calculating V^{lr}_{periodic} Divide by |G|^2
 ============================================================
 ============================================================
 Back FFT of V^{lr}_{periodic}
 ============================================================
 ============================================================
 The G VECTOR is  :
   0.32112        0.00000        0.00000
   0.00000        0.32112        0.00000
   0.00000        0.00000        0.32112
 The Volume is  :   7490.8207359569187       A^3
 ============================================================
 The parameter G Vector:   0.32112200518207834       0.32112200518207834       0.32112200518207834     
 ECut k :   2164.8585946628650     
 ============================================================
 Calculating  E_lattice(q)
 ============================================================
